<?xml version="1.0" encoding="utf-8"?><testsuites name="pytest tests"><testsuite name="pytest" errors="0" failures="0" skipped="0" tests="20" time="3.483" timestamp="2026-06-11T21:36:37.689919+00:00" hostname="agent-env-9b076eaf-d582-4153-a2e3-1671c6d651ff"><testcase classname="backend.tests.test_customers_debt.TestNoSampleSeed" name="test_products_endpoint_works" time="0.445" /><testcase classname="backend.tests.test_customers_debt.TestNoSampleSeed" name="test_categories_endpoint_works" time="0.076" /><testcase classname="backend.tests.test_customers_debt.TestCustomerCRUD" name="test_create_customer" time="0.054" /><testcase classname="backend.tests.test_customers_debt.TestCustomerCRUD" name="test_create_customer_blank_name_400" time="0.058" /><testcase classname="backend.tests.test_customers_debt.TestCustomerCRUD" name="test_list_customers_sorted" time="0.131" /><testcase classname="backend.tests.test_customers_debt.TestCustomerCRUD" name="test_get_customer" time="0.063" /><testcase classname="backend.tests.test_customers_debt.TestCustomerCRUD" name="test_update_customer_admin" time="0.118" /><testcase classname="backend.tests.test_customers_debt.TestCustomerCRUD" name="test_update_customer_cashier_403" time="0.353" /><testcase classname="backend.tests.test_customers_debt.TestCustomerCRUD" name="test_cashier_can_create_customer" time="0.057" /><testcase classname="backend.tests.test_customers_debt.TestDebtTransactions" name="test_create_customer_for_debt" time="0.161" /><testcase classname="backend.tests.test_customers_debt.TestDebtTransactions" name="test_debt_tx_requires_customer" time="0.208" /><testcase classname="backend.tests.test_customers_debt.TestDebtTransactions" name="test_debt_tx_increments_customer_debt" time="0.138" /><testcase classname="backend.tests.test_customers_debt.TestDebtTransactions" name="test_debt_tx_invalid_customer_400" time="0.088" /><testcase classname="backend.tests.test_customers_debt.TestDebtTransactions" name="test_delete_customer_with_debt_400" time="0.053" /><testcase classname="backend.tests.test_customers_debt.TestPayDebt" name="test_partial_payment" time="0.072" /><testcase classname="backend.tests.test_customers_debt.TestPayDebt" name="test_overpayment_blocked" time="0.061" /><testcase classname="backend.tests.test_customers_debt.TestPayDebt" name="test_zero_amount_blocked" time="0.060" /><testcase classname="backend.tests.test_customers_debt.TestPayDebt" name="test_customer_transactions_history" time="0.092" /><testcase classname="backend.tests.test_customers_debt.TestPayDebt" name="test_full_payment_zeroes_debt" time="0.146" /><testcase classname="backend.tests.test_customers_debt.TestReportsDebt" name="test_reports_has_debt_fields" time="0.865" /></testsuite></testsuites>