<?xml version="1.0" encoding="utf-8"?><testsuites name="pytest tests"><testsuite name="pytest" errors="0" failures="0" skipped="0" tests="17" time="4.052" timestamp="2026-06-11T21:10:39.060860+00:00" hostname="agent-env-9b076eaf-d582-4153-a2e3-1671c6d651ff"><testcase classname="backend.tests.test_pos_backend.TestAuth" name="test_login_admin_success" time="0.593" /><testcase classname="backend.tests.test_pos_backend.TestAuth" name="test_login_cashier_success" time="0.308" /><testcase classname="backend.tests.test_pos_backend.TestAuth" name="test_login_wrong_password" time="0.295" /><testcase classname="backend.tests.test_pos_backend.TestAuth" name="test_me_without_token" time="0.072" /><testcase classname="backend.tests.test_pos_backend.TestAuth" name="test_me_with_token" time="0.381" /><testcase classname="backend.tests.test_pos_backend.TestCategories" name="test_list_categories_seeded" time="0.083" /><testcase classname="backend.tests.test_pos_backend.TestCategories" name="test_create_category_admin" time="0.151" /><testcase classname="backend.tests.test_pos_backend.TestCategories" name="test_create_category_cashier_forbidden" time="0.353" /><testcase classname="backend.tests.test_pos_backend.TestCategories" name="test_delete_category_in_use" time="0.168" /><testcase classname="backend.tests.test_pos_backend.TestProducts" name="test_list_products_seeded" time="0.071" /><testcase classname="backend.tests.test_pos_backend.TestProducts" name="test_create_update_delete_product" time="0.571" /><testcase classname="backend.tests.test_pos_backend.TestProducts" name="test_cashier_cannot_create_product" time="0.120" /><testcase classname="backend.tests.test_pos_backend.TestTransactions" name="test_create_transaction_cash" time="0.162" /><testcase classname="backend.tests.test_pos_backend.TestTransactions" name="test_create_transaction_insufficient_cash" time="0.124" /><testcase classname="backend.tests.test_pos_backend.TestTransactions" name="test_stock_deducted" time="0.207" /><testcase classname="backend.tests.test_pos_backend.TestTransactions" name="test_cashier_sees_only_own" time="0.129" /><testcase classname="backend.tests.test_pos_backend.TestReports" name="test_daily_report_structure" time="0.065" /></testsuite></testsuites>