<?xml version="1.0" encoding="utf-8"?><testsuites name="pytest tests"><testsuite name="pytest" errors="0" failures="0" skipped="0" tests="15" time="4.157" timestamp="2026-06-11T22:10:16.876463+00:00" hostname="agent-env-9b076eaf-d582-4153-a2e3-1671c6d651ff"><testcase classname="tests.test_whatsapp_settings.TestNormalizePhone" name="test_normalize_phone_variants" time="0.593" /><testcase classname="tests.test_whatsapp_settings.TestSettings" name="test_get_settings_admin_ok" time="0.063" /><testcase classname="tests.test_whatsapp_settings.TestSettings" name="test_get_settings_cashier_403" time="0.367" /><testcase classname="tests.test_whatsapp_settings.TestSettings" name="test_put_settings_cashier_403" time="0.077" /><testcase classname="tests.test_whatsapp_settings.TestSettings" name="test_put_shop_name_only" time="0.129" /><testcase classname="tests.test_whatsapp_settings.TestSettings" name="test_put_token_persists_and_masks" time="0.143" /><testcase classname="tests.test_whatsapp_settings.TestSettings" name="test_test_whatsapp_missing_phone" time="0.088" /><testcase classname="tests.test_whatsapp_settings.TestSettings" name="test_test_whatsapp_invalid_token_returns_502" time="0.229" /><testcase classname="tests.test_whatsapp_settings.TestSettings" name="test_clear_token_then_400_missing_token" time="0.190" /><testcase classname="tests.test_whatsapp_settings.TestSendReminder" name="test_setup_customers" time="0.415" /><testcase classname="tests.test_whatsapp_settings.TestSendReminder" name="test_reminder_no_phone_400" time="0.062" /><testcase classname="tests.test_whatsapp_settings.TestSendReminder" name="test_reminder_no_debt_400" time="0.060" /><testcase classname="tests.test_whatsapp_settings.TestSendReminder" name="test_reminder_missing_token_friendly_msg" time="0.118" /><testcase classname="tests.test_whatsapp_settings.TestSendReminder" name="test_reminder_unknown_customer_404" time="0.063" /><testcase classname="tests.test_whatsapp_settings.TestNoTokenDoesNotBreakFlows" name="test_debt_tx_and_pay_when_token_empty" time="1.468" /></testsuite></testsuites>